<?xml version="1.0" encoding="UTF-8"?>
<!-- Generated by org.testng.reporters.JUnitReportReporter -->
<testsuite skipped="0" hostname="Asus" name="ShoppingDemo.Login" tests="1" failures="0" timestamp="14 Dec 2022 11:23:46 GMT" time="16.912" errors="0">
  <testcase name="loginWithData" time="16.912" classname="ShoppingDemo.Login"/>
</testsuite> <!-- ShoppingDemo.Login -->
